Confusion Matrix
                    Actual class
                     Iris-setosa Iris-versicolor  Iris-virginica
     Iris-setosa              11               0               0
 Iris-versicolor               5               4               1
  Iris-virginica               0               0               9

Metrics for class Iris-setosa classification
True Positives = 11
False Positives = 0
False Negatives = 5
True Negatives = 14
Precision = 1.0
Recall = 0.6875
Fall-out = 0.0
F-Measure = 1.2272727272727273


Metrics for class Iris-versicolor classification
True Positives = 4
False Positives = 6
False Negatives = 0
True Negatives = 20
Precision = 0.4
Recall = 1.0
Fall-out = 0.23076923076923078
F-Measure = 1.75


Metrics for class Iris-virginica classification
True Positives = 9
False Positives = 0
False Negatives = 1
True Negatives = 20
Precision = 1.0
Recall = 0.9
Fall-out = 0.0
F-Measure = 1.0555555555555556


Macro measures
Precision = 0.7999999999999999
Recall = 0.8624999999999999
Fall-out = 0.07692307692307693
F-Measure = 1.3442760942760943


Micro measures
Precision = 0.92
Recall = 0.8
Fall-out = 0.03076923076923077
F-Measure = 1.2397306397306396

